<?xml version="1.0" encoding="UTF-8"?>
<!-- Generated by org.testng.reporters.JUnitReportReporter -->
<testsuite skipped="0" hostname="DESKTOP-3I2FQQU" name="Numadic.NUProducts.Capabilities.CapabilityBaseClass" tests="1" failures="0" timestamp="2022-10-01T11:21:47 IST" time="14.045" errors="0">
  <testcase name="testCase" time="14.045" classname="Numadic.NUProducts.Capabilities.CapabilityBaseClass"/>
  <system-out/>
</testsuite> <!-- Numadic.NUProducts.Capabilities.CapabilityBaseClass -->
