<?xml version="1.0" encoding="UTF-8"?>
<!-- Generated by org.testng.reporters.JUnitReportReporter -->
<testsuite skipped="0" hostname="DESKTOP-3I2FQQU" name="Numadic.NUProducts.CareerTest" tests="1" failures="0" timestamp="2022-10-01T14:24:28 IST" time="31.197" errors="0">
  <testcase name="TC_01_QA_Engineer" time="31.197" classname="Numadic.NUProducts.CareerTest"/>
  <system-out/>
</testsuite> <!-- Numadic.NUProducts.CareerTest -->
